<?xml version="1.0" encoding="UTF-8"?>
<!-- Generated by org.testng.reporters.JUnitReportReporter -->
<testsuite hostname="Molodec" name="com.example.tests.GroupCreationTests" tests="2" failures="0" timestamp="20 Dec 2015 23:36:48 GMT" time="5.786" errors="0">
  <testcase name="testEmptyGroupCreation" time="2.923" classname="com.example.tests.GroupCreationTests"/>
  <testcase name="testNonEmptyGroupCreation" time="2.863" classname="com.example.tests.GroupCreationTests"/>
</testsuite> <!-- com.example.tests.GroupCreationTests -->
