<?xml version="1.0" encoding="UTF-8"?>
<!-- Generated by org.testng.reporters.JUnitReportReporter -->
<testsuite hostname="Molodec" name="com.example.tests.GroupCreationTests" tests="2" failures="0" timestamp="16 Dec 2015 17:09:03 GMT" time="2.748" errors="0">
  <testcase name="testEmptyGroupCreation" time="1.424" classname="com.example.tests.GroupCreationTests"/>
  <testcase name="testNonEmptyGroupCreation" time="1.324" classname="com.example.tests.GroupCreationTests"/>
</testsuite> <!-- com.example.tests.GroupCreationTests -->
