<?xml version="1.0" encoding="UTF-8"?>
<!-- Generated by org.testng.reporters.JUnitReportReporter -->
<testsuite hostname="Molodec" name="com.example.tests.GroupCreationTests" tests="2" failures="0" timestamp="21 Dec 2015 07:22:58 GMT" time="6.274" errors="0">
  <testcase name="testNonEmptyGroupCreation" time="3.005" classname="com.example.tests.GroupCreationTests"/>
  <testcase name="testEmptyGroupCreation" time="3.269" classname="com.example.tests.GroupCreationTests"/>
</testsuite> <!-- com.example.tests.GroupCreationTests -->
