<?xml version="1.0" encoding="UTF-8"?>
<!-- Generated by org.testng.reporters.JUnitReportReporter -->
<testsuite hostname="Molodec" name="com.example.tests.ContactCreationTests" tests="1" failures="0" timestamp="20 Dec 2015 23:36:48 GMT" time="4.522" errors="0">
  <testcase name="testNonEmptyContactCreation" time="4.522" classname="com.example.tests.ContactCreationTests"/>
</testsuite> <!-- com.example.tests.ContactCreationTests -->
